# JRE version: OpenJDK Runtime Environment (21.0.2+13) (build 21.0.2+13-58)
# Java VM: OpenJDK 64-Bit Server VM (21.0.2+13-58, mixed mode, sharing, tiered, compressed oops, compressed class ptrs, g1 gc, windows-amd64)
GC Precious Log:
 CardTable entry size: 512
 Card Set container configuration: InlinePtr #cards 4 size 8 Array Of Cards #cards 16 size 48 Howl #buckets 8 coarsen threshold 3686 Howl Bitmap #cards 512 size 80 coarsen threshold 460 Card regions per heap region 1 cards per card region 4096
 CPUs: 8 total, 8 available
 Memory: 16231M
 Large Page Support: Disabled
 NUMA Support: Disabled
 Compressed Oops: Enabled (Zero based)
 Heap Region Size: 2M
 Heap Min Capacity: 8M
 Heap Initial Capacity: 254M
 Heap Max Capacity: 4058M
 Pre-touch: Disabled
 Parallel Workers: 8
 Concurrent Workers: 2
 Concurrent Refinement Workers: 8
 Periodic GC: Disabled
Heap:
 garbage-first heap   total 61440K, used 45584K [0x0000000702600000, 0x0000000800000000)
  region size 2048K, 12 young (24576K), 1 survivors (2048K)
 Metaspace       used 63156K, committed 63808K, reserved 1114112K
  class space    used 8447K, committed 8704K, reserved 1048576K
GC Heap History (20 events):
Event: 1.873 GC heap before
{Heap before GC invocations=0 (full 0):
 garbage-first heap   total 260096K, used 20480K [0x0000000702600000, 0x0000000800000000)
  region size 2048K, 11 young (22528K), 0 survivors (0K)
 Metaspace       used 6130K, committed 6336K, reserved 1114112K
  class space    used 675K, committed 768K, reserved 1048576K
}
Event: 1.878 GC heap after
{Heap after GC invocations=1 (full 0):
 garbage-first heap   total 260096K, used 7550K [0x0000000702600000, 0x0000000800000000)
  region size 2048K, 2 young (4096K), 2 survivors (4096K)
 Metaspace       used 6130K, committed 6336K, reserved 1114112K
  class space    used 675K, committed 768K, reserved 1048576K
}
Event: 2.744 GC heap before
{Heap before GC invocations=1 (full 0):
 garbage-first heap   total 260096K, used 34174K [0x0000000702600000, 0x0000000800000000)
  region size 2048K, 15 young (30720K), 2 survivors (4096K)
 Metaspace       used 12996K, committed 13312K, reserved 1114112K
  class space    used 1704K, committed 1856K, reserved 1048576K
}
Event: 2.750 GC heap after
{Heap after GC invocations=2 (full 0):
 garbage-first heap   total 260096K, used 9620K [0x0000000702600000, 0x0000000800000000)
  region size 2048K, 2 young (4096K), 2 survivors (4096K)
 Metaspace       used 12996K, committed 13312K, reserved 1114112K
  class space    used 1704K, committed 1856K, reserved 1048576K
}
Event: 4.208 GC heap before
{Heap before GC invocations=2 (full 0):
 garbage-first heap   total 260096K, used 48532K [0x0000000702600000, 0x0000000800000000)
  region size 2048K, 22 young (45056K), 2 survivors (4096K)
 Metaspace       used 21159K, committed 21504K, reserved 1114112K
  class space    used 2631K, committed 2816K, reserved 1048576K
}
Event: 4.214 GC heap after
{Heap after GC invocations=3 (full 0):
 garbage-first heap   total 260096K, used 13620K [0x0000000702600000, 0x0000000800000000)
  region size 2048K, 4 young (8192K), 4 survivors (8192K)
 Metaspace       used 21159K, committed 21504K, reserved 1114112K
  class space    used 2631K, committed 2816K, reserved 1048576K
}
Event: 5.350 GC heap before
{Heap before GC invocations=4 (full 0):
 garbage-first heap   total 61440K, used 42292K [0x0000000702600000, 0x0000000800000000)
  region size 2048K, 18 young (36864K), 4 survivors (8192K)
 Metaspace       used 25409K, committed 25792K, reserved 1114112K
  class space    used 3204K, committed 3392K, reserved 1048576K
}
Event: 5.360 GC heap after
{Heap after GC invocations=5 (full 0):
 garbage-first heap   total 61440K, used 15726K [0x0000000702600000, 0x0000000800000000)
  region size 2048K, 2 young (4096K), 2 survivors (4096K)
 Metaspace       used 25409K, committed 25792K, reserved 1114112K
  class space    used 3204K, committed 3392K, reserved 1048576K
}
Event: 7.304 GC heap before
{Heap before GC invocations=5 (full 0):
 garbage-first heap   total 61440K, used 42350K [0x0000000702600000, 0x0000000800000000)
  region size 2048K, 15 young (30720K), 2 survivors (4096K)
 Metaspace       used 31200K, committed 31744K, reserved 1114112K
  class space    used 3977K, committed 4224K, reserved 1048576K
}
Event: 7.313 GC heap after
{Heap after GC invocations=6 (full 0):
 garbage-first heap   total 61440K, used 18674K [0x0000000702600000, 0x0000000800000000)
  region size 2048K, 2 young (4096K), 2 survivors (4096K)
 Metaspace       used 31200K, committed 31744K, reserved 1114112K
  class space    used 3977K, committed 4224K, reserved 1048576K
}
Event: 7.901 GC heap before
{Heap before GC invocations=6 (full 0):
 garbage-first heap   total 61440K, used 33010K [0x0000000702600000, 0x0000000800000000)
  region size 2048K, 10 young (20480K), 2 survivors (4096K)
 Metaspace       used 35462K, committed 35968K, reserved 1114112K
  class space    used 4486K, committed 4736K, reserved 1048576K
}
Event: 7.907 GC heap after
{Heap after GC invocations=7 (full 0):
 garbage-first heap   total 61440K, used 20480K [0x0000000702600000, 0x0000000800000000)
  region size 2048K, 1 young (2048K), 1 survivors (2048K)
 Metaspace       used 35462K, committed 35968K, reserved 1114112K
  class space    used 4486K, committed 4736K, reserved 1048576K
}
Event: 9.763 GC heap before
{Heap before GC invocations=8 (full 0):
 garbage-first heap   total 61440K, used 49152K [0x0000000702600000, 0x0000000800000000)
  region size 2048K, 15 young (30720K), 1 survivors (2048K)
 Metaspace       used 45425K, committed 45952K, reserved 1114112K
  class space    used 5839K, committed 6080K, reserved 1048576K
}
Event: 9.767 GC heap after
{Heap after GC invocations=9 (full 0):
 garbage-first heap   total 61440K, used 22595K [0x0000000702600000, 0x0000000800000000)
  region size 2048K, 2 young (4096K), 2 survivors (4096K)
 Metaspace       used 45425K, committed 45952K, reserved 1114112K
  class space    used 5839K, committed 6080K, reserved 1048576K
}
Event: 11.181 GC heap before
{Heap before GC invocations=9 (full 0):
 garbage-first heap   total 61440K, used 47171K [0x0000000702600000, 0x0000000800000000)
  region size 2048K, 15 young (30720K), 2 survivors (4096K)
 Metaspace       used 52437K, committed 52992K, reserved 1114112K
  class space    used 6709K, committed 6976K, reserved 1048576K
}
Event: 11.190 GC heap after
{Heap after GC invocations=10 (full 0):
 garbage-first heap   total 61440K, used 23864K [0x0000000702600000, 0x0000000800000000)
  region size 2048K, 1 young (2048K), 1 survivors (2048K)
 Metaspace       used 52437K, committed 52992K, reserved 1114112K
  class space    used 6709K, committed 6976K, reserved 1048576K
}
Event: 13.978 GC heap before
{Heap before GC invocations=10 (full 0):
 garbage-first heap   total 61440K, used 50488K [0x0000000702600000, 0x0000000800000000)
  region size 2048K, 14 young (28672K), 1 survivors (2048K)
 Metaspace       used 58445K, committed 59008K, reserved 1114112K
  class space    used 7765K, committed 8064K, reserved 1048576K
}
Event: 13.980 GC heap after
{Heap after GC invocations=11 (full 0):
 garbage-first heap   total 61440K, used 24676K [0x0000000702600000, 0x0000000800000000)
  region size 2048K, 2 young (4096K), 2 survivors (4096K)
 Metaspace       used 58445K, committed 59008K, reserved 1114112K
  class space    used 7765K, committed 8064K, reserved 1048576K
}
Event: 14.101 GC heap before
{Heap before GC invocations=11 (full 0):
 garbage-first heap   total 61440K, used 28772K [0x0000000702600000, 0x0000000800000000)
  region size 2048K, 5 young (10240K), 2 survivors (4096K)
 Metaspace       used 59863K, committed 60480K, reserved 1114112K
  class space    used 7966K, committed 8256K, reserved 1048576K
}
Event: 14.104 GC heap after
{Heap after GC invocations=12 (full 0):
 garbage-first heap   total 61440K, used 25104K [0x0000000702600000, 0x0000000800000000)
  region size 2048K, 1 young (2048K), 1 survivors (2048K)
 Metaspace       used 59863K, committed 60480K, reserved 1114112K
  class space    used 7966K, committed 8256K, reserved 1048576K
}

